<?xml version="1.0" encoding="UTF-8"?>
<testsuite xmlns:xsi="http://www.w3.org/2001/XMLSchema-instance" xsi:noNamespaceSchemaLocation="https://maven.apache.org/surefire/maven-surefire-plugin/xsd/surefire-test-report-3.0.xsd" version="3.0" name="com.nit.SpringSecurityBasicApplicationTests" time="9.041" tests="1" errors="0" skipped="0" failures="0">
  <properties>
[...]
</properties>
  <testcase name="contextLoads" classname="com.nit.SpringSecurityBasicApplicationTests" time="3.08">
    <system-out><![CDATA[17:32:19.999 [main] INFO org.springframework.test.context.support.AnnotationConfigContextLoaderUtils -- Could not detect default configuration classes for test class [com.nit.SpringSecurityBasicApplicationTests]: SpringSecurityBasicApplicationTests does not declare any static, non-private, non-final, nested classes annotated with @Configuration.
17:32:20.320 [main] INFO org.springframework.boot.test.context.SpringBootTestContextBootstrapper -- Found @SpringBootConfiguration com.nit.SpringSecurityBasicApplication for test class com.nit.SpringSecurityBasicApplicationTests
17:32:20.999 [main] INFO org.springframework.boot.devtools.restart.RestartApplicationListener -- Restart disabled due to context in which it is running

  .   ____          _            __ _ _
 /\\ / ___'_ __ _ _(_)_ __  __ _ \ \ \ \
( ( )\___ | '_ | '_| | '_ \/ _` | \ \ \ \
 \\/  ___)| |_)| | | | | || (_| |  ) ) ) )
  '  |____| .__|_| |_|_| |_\__, | / / / /
 =========|_|==============|___/=/_/_/_/
 :: Spring Boot ::                (v3.2.5)

&amp#27;[32m17:32:21.692&amp#27;[0;39m &amp#27;[34mINFO &amp#27;[0;39m &amp#27;[31m[main]&amp#27;[0;39m &amp#27;[33mc.n.SpringSecurityBasicApplicationTests&amp#27;[0;39m - Starting SpringSecurityBasicApplicationTests using Java 17.0.10 with PID 15344 (started by hp in C:\Users\hp\git\project-loca\SpringSecurityBasic1)
&amp#27;[32m17:32:21.698&amp#27;[0;39m &amp#27;[34mINFO &amp#27;[0;39m &amp#27;[31m[main]&amp#27;[0;39m &amp#27;[33mc.n.SpringSecurityBasicApplicationTests&amp#27;[0;39m - No active profile set, falling back to 1 default profile: "default"
&amp#27;[32m17:32:25.418&amp#27;[0;39m &amp#27;[34mINFO &amp#27;[0;39m &amp#27;[31m[main]&amp#27;[0;39m &amp#27;[33mc.n.SpringSecurityBasicApplicationTests&amp#27;[0;39m - Started SpringSecurityBasicApplicationTests in 4.463 seconds (process running for 7.937)
]]></system-out>
  </testcase>
</testsuite>